** Message: 18:27:46.353: environement.vala:58: Exporting primary_variable
** Message: 18:27:46.353: environement.vala:59: desktop_environnement XDG_CURRENT_DESKTOP
** Message: 18:27:46.353: environement.vala:150: confir_dirs is null, export : /etc/xdg
** Message: 18:27:46.353: environement.vala:184: Exporting XDG_CONFIG_DIRS
** Message: 18:27:46.353: environement.vala:218: custom_data :
** Message: 18:27:46.353: environement.vala:219: data_dirs :/usr/share/fkms:/usr/local/share:/usr/share/raspi-ui-overrides:/usr/share:/usr/share/gdm:/var/lib/menu-xdg
** Message: 18:27:46.353: environement.vala:220: data_dirs not null, export : /usr/share/fkms:/usr/local/share:/usr/share/raspi-ui-overrides:/usr/share:/usr/share/gdm:/var/lib/menu-xdg
** Message: 18:27:46.353: environement.vala:225: Exporting XDG_DATA_DIRS
** Message: 18:27:46.366: utils.vala:127: User config used : /home/pi/.config/lxsession/LXDE-pi/desktop.conf
** Message: 18:27:46.366: utils.vala:148: Final file used : /home/pi/.config/lxsession/LXDE-pi/desktop.conf
** Message: 18:27:46.366: utils.vala:39: Config system location : /etc/xdg/lxsession/LXDE-pi
** Message: 18:27:46.367: utils.vala:45: System system path location : /etc/xdg/lxsession/LXDE-pi/desktop.conf
** Message: 18:27:46.370: settings.vala:540: Key file does not have key “iGtk/ColorScheme” in group “GTK”
** Message: 18:27:46.370: settings.vala:540: Key file does not have key “windows_manager/command” in group “Session”
** Message: 18:27:46.370: settings.vala:540: Key file does not have key “panel/command” in group “Session”
** Message: 18:27:46.370: settings.vala:540: Key file does not have key “dock/command” in group “Session”
** Message: 18:27:46.370: settings.vala:540: Key file does not have key “file_manager/command” in group “Session”
** Message: 18:27:46.370: settings.vala:540: Key file does not have key “desktop_manager/command” in group “Session”
** Message: 18:27:46.370: settings.vala:540: Key file does not have key “launcher_manager/autostart” in group “Session”
** Message: 18:27:46.370: settings.vala:540: Key file does not have key “composite_manager/command” in group “Session”
** Message: 18:27:46.370: settings.vala:540: Key file does not have key “im1/command” in group “Session”
** Message: 18:27:46.370: settings.vala:540: Key file does not have key “im2/command” in group “Session”
** Message: 18:27:46.370: settings.vala:540: Key file does not have key “widget1/command” in group “Session”
** Message: 18:27:46.371: settings.vala:540: Key file does not have key “notification/command” in group “Session”
** Message: 18:27:46.371: settings.vala:540: Key file does not have key “keybindings/command” in group “Session”
** Message: 18:27:46.371: settings.vala:540: Key file does not have key “im_manager/command” in group “Session”
** Message: 18:27:46.371: settings.vala:540: Key file does not have key “screensaver/command” in group “Session”
** Message: 18:27:46.371: settings.vala:540: Key file does not have key “power_manager/command” in group “Session”
** Message: 18:27:46.371: settings.vala:540: Key file does not have key “audio_manager/command” in group “Session”
** Message: 18:27:46.371: settings.vala:540: Key file does not have key “workspace_manager/command” in group “Session”
** Message: 18:27:46.371: settings.vala:540: Key file does not have key “screenshot_manager/command” in group “Session”
** Message: 18:27:46.371: settings.vala:540: Key file does not have key “message_manager/command” in group “Session”
** Message: 18:27:46.371: settings.vala:540: Key file does not have key “upgrade_manager/command” in group “Session”
** Message: 18:27:46.371: settings.vala:540: Key file does not have key “updates_manager/command” in group “Session”
** Message: 18:27:46.371: settings.vala:540: Key file does not have key “updates_manager/timeout” in group “Session”
** Message: 18:27:46.372: settings.vala:540: Key file does not have key “crash_manager/command” in group “Session”
** Message: 18:27:46.372: settings.vala:540: Key file does not have key “crash_manager/dev_mode” in group “Session”
** Message: 18:27:46.381: settings.vala:540: Key file does not have key “crash_manager/timeout” in group “Session”
** Message: 18:27:46.381: settings.vala:540: Key file does not have key “upstart_user_session” in group “Session”
** Message: 18:27:46.381: settings.vala:540: Key file does not have key “proxy_manager/http” in group “Session”
** Message: 18:27:46.381: settings.vala:540: Key file does not have key “a11y/command” in group “Session”
** Message: 18:27:46.381: settings.vala:540: Key file does not have key “xrandr/command” in group “Session”
** Message: 18:27:46.381: settings.vala:540: Key file does not have key “network_gui/command” in group “Session”
** Message: 18:27:46.381: settings.vala:540: Key file does not have key “webbrowser/command” in group “Session”
** Message: 18:27:46.381: settings.vala:540: Key file does not have key “email/command” in group “Session”
** Message: 18:27:46.381: settings.vala:540: Key file does not have key “pdf_reader/command” in group “Session”
** Message: 18:27:46.381: settings.vala:540: Key file does not have key “video_player/command” in group “Session”
** Message: 18:27:46.381: settings.vala:540: Key file does not have key “audio_player/command” in group “Session”
** Message: 18:27:46.382: settings.vala:540: Key file does not have key “image_display/command” in group “Session”
** Message: 18:27:46.382: settings.vala:540: Key file does not have key “text_editor/command” in group “Session”
** Message: 18:27:46.382: settings.vala:540: Key file does not have key “archive/command” in group “Session”
** Message: 18:27:46.382: settings.vala:540: Key file does not have key “charmap/command” in group “Session”
** Message: 18:27:46.382: settings.vala:540: Key file does not have key “calculator/command” in group “Session”
** Message: 18:27:46.382: settings.vala:540: Key file does not have key “spreadsheet/command” in group “Session”
** Message: 18:27:46.382: settings.vala:540: Key file does not have key “bittorent/command” in group “Session”
** Message: 18:27:46.382: settings.vala:540: Key file does not have key “document/command” in group “Session”
** Message: 18:27:46.382: settings.vala:540: Key file does not have key “webcam/command” in group “Session”
** Message: 18:27:46.382: settings.vala:540: Key file does not have key “burn/command” in group “Session”
** Message: 18:27:46.382: settings.vala:540: Key file does not have key “notes/command” in group “Session”
** Message: 18:27:46.385: settings.vala:540: Key file does not have key “disk_utility/command” in group “Session”
** Message: 18:27:46.385: settings.vala:540: Key file does not have key “tasks/command” in group “Session”
** Message: 18:27:46.385: settings.vala:540: Key file does not have group “Keymap”
** Message: 18:27:46.385: settings.vala:540: Key file does not have key “laptop_mode” in group “State”
** Message: 18:27:46.385: settings.vala:540: Key file does not have key “gnome” in group “Dbus”
** Message: 18:27:46.385: settings.vala:540: Key file does not have key “type” in group “Environment”
** Message: 18:27:46.385: settings.vala:540: Key file does not have key “ubuntu_menuproxy” in group “Environment”
** Message: 18:27:46.386: settings.vala:540: Key file does not have key “toolkit_integration” in group “Environment”
** Message: 18:27:46.386: settings.vala:540: Key file does not have key “gtk/overlay_scrollbar_disable” in group “Environment”
** Message: 18:27:46.386: settings.vala:540: Key file does not have key “qt/force_theme” in group “Environment”
** Message: 18:27:46.386: settings.vala:540: Key file does not have key “qt/platform” in group “Environment”
** Message: 18:27:46.388: settings.vala:462: Monitoring: /home/pi/.config/lxsession/LXDE-pi/desktop.conf
** Message: 18:27:46.388: settings.vala:466: Desktop file is already in config home, do nothing
** Message: 18:27:46.388: environement.vala:79: Exporting variable
** Message: 18:27:46.389: environement.vala:80: desktop_environnement XDG_CURRENT_DESKTOP
** Message: 18:27:46.389: environement.vala:177: custom_config :
** Message: 18:27:46.389: environement.vala:178: config_dirs :/etc/xdg
** Message: 18:27:46.389: environement.vala:179: confir_dirs not null, export : /etc/xdg
** Message: 18:27:46.389: environement.vala:184: Exporting XDG_CONFIG_DIRS
** Message: 18:27:46.389: environement.vala:218: custom_data :
** Message: 18:27:46.389: environement.vala:219: data_dirs :/usr/share/fkms:/usr/local/share:/usr/share/raspi-ui-overrides:/usr/share:/usr/share/gdm:/var/lib/menu-xdg
** Message: 18:27:46.389: environement.vala:220: data_dirs not null, export : /usr/share/fkms:/usr/local/share:/usr/share/raspi-ui-overrides:/usr/share:/usr/share/gdm:/var/lib/menu-xdg
** Message: 18:27:46.389: environement.vala:225: Exporting XDG_DATA_DIRS
** Message: 18:27:46.389: utils.vala:39: Config system location : /etc/xdg/lxsession/LXDE-pi
** Message: 18:27:46.389: utils.vala:45: System system path location : /etc/xdg/lxsession/LXDE-pi/desktop.conf
** Message: 18:27:46.390: environement.vala:254: No entry in [Environment_variable]. Key file does not have group “Environment_variable”
** Message: 18:27:46.399: utils.vala:138: Config system location : /etc/xdg/lxsession/LXDE-pi
** Message: 18:27:46.399: utils.vala:144: System system path location : /etc/xdg/lxsession/LXDE-pi/conffiles.conf
** Message: 18:27:46.399: utils.vala:148: Final file used : /etc/xdg/lxsession/LXDE-pi/conffiles.conf
** Message: 18:27:46.399: options.vala:164: Activate xsettings_manager build-in
** Message: 18:27:46.399: utils.vala:39: Config system location : /etc/xdg/lxsession/LXDE-pi
** Message: 18:27:46.399: utils.vala:45: System system path location : /etc/xdg/lxsession/LXDE-pi/desktop.conf
xprop:  no such property "_NET_NUMBER_OF_DESKTOPS"
xprop:  no such property "_NET_DESKTOP_NAMES"
** Message: 18:27:46.422: app.vala:728: polkit separate
** Message: 18:27:46.422: app.vala:728: polkit separate
** Message: 18:27:46.433: app.vala:76: Launching lxpolkit 
** Message: 18:27:46.434: utils.vala:138: Config system location : /etc/xdg/lxsession/LXDE-pi
** Message: 18:27:46.434: utils.vala:144: System system path location : /etc/xdg/lxsession/LXDE-pi/autostart
** Message: 18:27:46.434: utils.vala:148: Final file used : /etc/xdg/lxsession/LXDE-pi/autostart
** Message: 18:27:46.434: autostart.vala:42: Autostart path : /etc/xdg/lxsession/LXDE-pi/autostart
** Message: 18:27:46.448: app.vala:76: Launching lxpanel 
** Message: 18:27:46.466: app.vala:76: Launching pcmanfm 

** (lxsession:1077): WARNING **: 18:27:46.484: app.vala:86: Failed to execute child process “xscreensaver” (No such file or directory)

** (lxsession:1077): WARNING **: 18:27:46.484: app.vala:87: Error when launching xscreensaver
** Message: 18:27:46.501: app.vala:76: Launching lxterminal 
** Message: 18:27:46.514: app.vala:76: Launching vm 
** Message: 18:27:46.529: options.vala:107: Create build-in Clipboard
** Message: 18:27:46.530: main.vala:450: Check keymap_mode (null)
** Message: 18:27:46.536: app.vala:76: Launching /usr/bin/ssh-agent 
SSH_AUTH_SOCK=/tmp/ssh-rUK6iswkiu30/agent.1190; export SSH_AUTH_SOCK;
SSH_AGENT_PID=1194; export SSH_AGENT_PID;
echo Agent pid 1194;
** Message: 18:27:46.829: app.vala:130: vm exit with this type of exit: 0
** Message: 18:27:46.829: app.vala:139: Exit normal, don't reload
** Message: 18:27:46.829: app.vala:130: /usr/bin/ssh-agent exit with this type of exit: 0
Openbox-Message: Unable to find a valid menu file "/usr/share/lxde/openbox/menu.xml"
** Message: 18:27:47.607: x-terminal-emulator has very limited support, consider choosing another terminal
** Message: 18:27:47.736: x-terminal-emulator has very limited support, consider choosing another terminal
grep: /home/pi/.config/lxpanel/LXDE-pi/panels/*: No such file or directory

** (lxpanel:1177): WARNING **: 18:27:48.753: launchtaskbar: can't init button

Openbox-Message: Requested key "End" does not exist on the display
** Message: 18:27:48.904: Connecting ...
** Message: 18:27:48.905: Status changed to down

** (lxpanel:1177): CRITICAL **: 18:27:48.905: dhcpcd_open: Inappropriate ioctl for device
Openbox-Message: Requested key "End" does not exist on the display
Openbox-Message: Requested key "End" does not exist on the display
Openbox-Message: Requested key "End" does not exist on the display
Openbox-Message: Requested key "End" does not exist on the display
Openbox-Message: Requested key "End" does not exist on the display
Unit pt-device-manager.service could not be found.
Unit pi-topd.service could not be found.

** (lxpanel:1177): WARNING **: 18:27:49.339: Battery 0 not found
Openbox-Message: Requested key "End" does not exist on the display
Openbox-Message: Requested key "End" does not exist on the display
Openbox-Message: Requested key "End" does not exist on the display
Openbox-Message: Requested key "End" does not exist on the display
Openbox-Message: Requested key "End" does not exist on the display
Openbox-Message: Requested key "End" does not exist on the display
Openbox-Message: Requested key "End" does not exist on the display
** Message: 18:27:49.668: up: Checking for updates
Openbox-Message: Requested key "End" does not exist on the display
Openbox-Message: Requested key "End" does not exist on the display
** Message: 18:27:49.914: Status changed to opened
** Message: 18:27:49.914: Connected to dhcpcd-8.1.2
** Message: 18:27:49.914: Status changed to connected
** Message: 18:27:49.914: eth0: Link is down
** Message: 18:27:49.914: wlan0: Associated with UCSB Wireless Web
** Message: 18:27:49.914: wlan0: Configured 169.231.161.252/20
** Message: 18:27:49.917: wlan0: WPA status connected
** Message: 18:27:52.587: up: Cache updated - comparing versions
** Message: 18:27:57.201: up: Check complete - no updates available

(arandr:1546): Gdk-CRITICAL **: 18:28:04.666: gdk_atom_intern: assertion 'atom_name != NULL' failed

(arandr:1546): Gdk-CRITICAL **: 18:28:04.666: gdk_atom_intern: assertion 'atom_name != NULL' failed
Openbox-Message: Requested key "End" does not exist on the display
